0 info it worked if it ends with ok
1 verbose cli [ 'c:\\Program Files\\nodejs\\node.exe',
1 verbose cli   'c:\\Program Files\\nodejs\\node_modules\\npm\\bin\\npm-cli.js',
1 verbose cli   'publish',
1 verbose cli   'dist' ]
2 info using npm@2.14.3
3 info using node@v4.1.0
4 verbose publish [ 'dist' ]
5 silly cache add args [ 'dist', null ]
6 verbose cache add spec dist
7 silly cache add parsed spec Result {
7 silly cache add   raw: 'dist',
7 silly cache add   scope: null,
7 silly cache add   name: null,
7 silly cache add   rawSpec: 'dist',
7 silly cache add   spec: 'c:\\Users\\Administrator\\GitRepository\\WaterFall\\dist',
7 silly cache add   type: 'directory' }
8 verbose addLocalDirectory C:\Users\Administrator\AppData\Roaming\npm-cache\TopuNet-WaterFall\1.1.2\package.tgz not in flight; packing
9 verbose tar pack [ 'C:\\Users\\Administrator\\AppData\\Roaming\\npm-cache\\TopuNet-WaterFall\\1.1.2\\package.tgz',
9 verbose tar pack   'c:\\Users\\Administrator\\GitRepository\\WaterFall\\dist' ]
10 verbose tarball C:\Users\Administrator\AppData\Roaming\npm-cache\TopuNet-WaterFall\1.1.2\package.tgz
11 verbose folder c:\Users\Administrator\GitRepository\WaterFall\dist
12 info prepublish TopuNet-WaterFall@1.1.2
13 verbose addLocalTarball adding from inside cache C:\Users\Administrator\AppData\Roaming\npm-cache\TopuNet-WaterFall\1.1.2\package.tgz
14 silly cache afterAdd TopuNet-WaterFall@1.1.2
15 verbose afterAdd C:\Users\Administrator\AppData\Roaming\npm-cache\TopuNet-WaterFall\1.1.2\package\package.json not in flight; writing
16 verbose afterAdd C:\Users\Administrator\AppData\Roaming\npm-cache\TopuNet-WaterFall\1.1.2\package\package.json written
17 silly publish { name: 'TopuNet-WaterFall',
17 silly publish   version: '1.1.2',
17 silly publish   description: '瀑布流',
17 silly publish   main: 'jq/GrayScale.js',
17 silly publish   scripts: { test: 'echo "Error: no test specified" && exit 1' },
17 silly publish   repository:
17 silly publish    { type: 'git',
17 silly publish      url: 'git+https://github.com/TopuNet/WaterFall.git' },
17 silly publish   keywords: [ 'topu.net' ],
17 silly publish   author: { name: 'Topu.net' },
17 silly publish   license: 'ISC',
17 silly publish   bugs: { url: 'https://github.com/TopuNet/WaterFall/issues' },
17 silly publish   homepage: 'https://github.com/TopuNet/WaterFall#readme',
17 silly publish   readme: 'ERROR: No README data found!',
17 silly publish   _id: 'TopuNet-WaterFall@1.1.2',
17 silly publish   _shasum: '2e16a1a19b5a9a7d434eaa29e20d63e80e71becc',
17 silly publish   _from: 'dist',
17 silly publish   _resolved: 'file:dist' }
18 verbose getPublishConfig undefined
19 silly mapToRegistry name TopuNet-WaterFall
20 silly mapToRegistry using default registry
21 silly mapToRegistry registry https://registry.npmjs.org/
22 silly mapToRegistry uri https://registry.npmjs.org/TopuNet-WaterFall
23 verbose publish registryBase https://registry.npmjs.org/
24 silly publish uploading C:\Users\Administrator\AppData\Roaming\npm-cache\TopuNet-WaterFall\1.1.2\package.tgz
25 verbose request uri https://registry.npmjs.org/TopuNet-WaterFall
26 verbose request sending authorization for write operation
27 info attempt registry request try #1 at 12:52:06
28 verbose request using bearer token for auth
29 verbose request id 2c5c0b61ba183ee0
30 http request PUT https://registry.npmjs.org/TopuNet-WaterFall
31 http 403 https://registry.npmjs.org/TopuNet-WaterFall
32 verbose headers { 'content-type': 'application/json',
32 verbose headers   'cache-control': 'max-age=300',
32 verbose headers   'content-length': '95',
32 verbose headers   'accept-ranges': 'bytes',
32 verbose headers   date: 'Mon, 12 Sep 2016 04:53:11 GMT',
32 verbose headers   via: '1.1 varnish',
32 verbose headers   connection: 'keep-alive',
32 verbose headers   'x-served-by': 'cache-itm7421-ITM',
32 verbose headers   'x-cache': 'MISS',
32 verbose headers   'x-cache-hits': '0',
32 verbose headers   'x-timer': 'S1473655990.749114,VS0,VE598',
32 verbose headers   vary: 'Accept-Encoding' }
33 verbose request invalidating C:\Users\Administrator\AppData\Roaming\npm-cache\registry.npmjs.org\TopuNet-WaterFall on PUT
34 error publish Failed PUT 403
35 verbose stack Error: "You cannot publish over the previously published version 1.1.2." : TopuNet-WaterFall
35 verbose stack     at makeError (c:\Program Files\nodejs\node_modules\npm\node_modules\npm-registry-client\lib\request.js:263:12)
35 verbose stack     at CachingRegistryClient.<anonymous> (c:\Program Files\nodejs\node_modules\npm\node_modules\npm-registry-client\lib\request.js:251:14)
35 verbose stack     at Request._callback (c:\Program Files\nodejs\node_modules\npm\node_modules\npm-registry-client\lib\request.js:171:14)
35 verbose stack     at Request.self.callback (c:\Program Files\nodejs\node_modules\npm\node_modules\request\request.js:198:22)
35 verbose stack     at emitTwo (events.js:87:13)
35 verbose stack     at Request.emit (events.js:172:7)
35 verbose stack     at Request.<anonymous> (c:\Program Files\nodejs\node_modules\npm\node_modules\request\request.js:1073:14)
35 verbose stack     at emitOne (events.js:82:20)
35 verbose stack     at Request.emit (events.js:169:7)
35 verbose stack     at IncomingMessage.<anonymous> (c:\Program Files\nodejs\node_modules\npm\node_modules\request\request.js:1019:12)
36 verbose statusCode 403
37 verbose pkgid TopuNet-WaterFall
38 verbose cwd c:\Users\Administrator\GitRepository\WaterFall
39 error Windows_NT 10.0.10586
40 error argv "c:\\Program Files\\nodejs\\node.exe" "c:\\Program Files\\nodejs\\node_modules\\npm\\bin\\npm-cli.js" "publish" "dist"
41 error node v4.1.0
42 error npm  v2.14.3
43 error code E403
44 error "You cannot publish over the previously published version 1.1.2." : TopuNet-WaterFall
45 error If you need help, you may report this error at:
45 error     <https://github.com/npm/npm/issues>
46 verbose exit [ 1, true ]
